TN:
SF:hooks/useEggTimer.jsx
FN:14,(anonymous_0)
FN:17,(anonymous_1)
FN:22,(anonymous_2)
FN:60,(anonymous_3)
FN:76,(anonymous_4)
FN:77,(anonymous_5)
FN:113,(anonymous_6)
FN:123,(anonymous_7)
FN:135,(anonymous_8)
FN:139,(anonymous_9)
FN:145,(anonymous_10)
FN:152,(anonymous_11)
FN:158,(anonymous_12)
FN:167,(anonymous_13)
FN:168,(anonymous_14)
FN:187,(anonymous_15)
FN:195,(anonymous_16)
FN:204,(anonymous_17)
FN:213,(anonymous_18)
FN:223,(anonymous_19)
FN:225,(anonymous_20)
FN:235,(anonymous_21)
FN:244,(anonymous_22)
FNF:23
FNH:19
FNDA:10,(anonymous_0)
FNDA:20,(anonymous_1)
FNDA:31,(anonymous_2)
FNDA:0,(anonymous_3)
FNDA:0,(anonymous_4)
FNDA:0,(anonymous_5)
FNDA:107,(anonymous_6)
FNDA:40,(anonymous_7)
FNDA:32,(anonymous_8)
FNDA:61,(anonymous_9)
FNDA:3,(anonymous_10)
FNDA:0,(anonymous_11)
FNDA:17,(anonymous_12)
FNDA:184,(anonymous_13)
FNDA:184,(anonymous_14)
FNDA:31,(anonymous_15)
FNDA:1,(anonymous_16)
FNDA:2,(anonymous_17)
FNDA:21,(anonymous_18)
FNDA:4,(anonymous_19)
FNDA:4,(anonymous_20)
FNDA:4,(anonymous_21)
FNDA:70,(anonymous_22)
DA:4,2
DA:11,2
DA:14,2
DA:15,10
DA:16,10
DA:17,20
DA:18,10
DA:22,2
DA:23,31
DA:25,31
DA:26,0
DA:27,0
DA:30,31
DA:33,31
DA:34,0
DA:37,31
DA:38,31
DA:40,31
DA:41,31
DA:43,31
DA:44,31
DA:46,31
DA:47,31
DA:52,31
DA:53,31
DA:55,0
DA:60,2
DA:61,0
DA:63,0
DA:64,0
DA:65,0
DA:68,0
DA:71,0
DA:72,0
DA:76,0
DA:77,0
DA:78,0
DA:79,0
DA:80,0
DA:82,0
DA:83,0
DA:85,0
DA:86,0
DA:88,0
DA:89,0
DA:94,0
DA:95,0
DA:97,0
DA:102,0
DA:103,0
DA:104,0
DA:105,0
DA:106,0
DA:108,0
DA:113,2
DA:114,107
DA:115,107
DA:116,107
DA:117,107
DA:118,107
DA:119,107
DA:120,107
DA:123,107
DA:124,40
DA:125,15
DA:126,15
DA:128,40
DA:129,0
DA:130,0
DA:135,107
DA:136,32
DA:139,107
DA:140,61
DA:141,61
DA:145,107
DA:146,3
DA:147,3
DA:148,3
DA:149,3
DA:152,3
DA:153,0
DA:158,107
DA:159,17
DA:164,15
DA:165,15
DA:167,15
DA:168,184
DA:169,184
DA:172,184
DA:173,31
DA:176,184
DA:177,3
DA:178,3
DA:180,181
DA:187,107
DA:188,31
DA:189,4
DA:190,4
DA:195,107
DA:196,1
DA:197,1
DA:198,1
DA:199,1
DA:200,1
DA:204,107
DA:205,2
DA:206,1
DA:207,1
DA:208,1
DA:212,107
DA:214,21
DA:215,21
DA:216,21
DA:217,21
DA:222,107
DA:224,4
DA:225,4
DA:226,4
DA:227,4
DA:228,4
DA:234,107
DA:236,4
DA:237,4
DA:238,4
DA:239,4
DA:244,107
DA:245,70
DA:248,107
LF:128
LH:94
BRDA:22,0,0,0
BRDA:22,1,0,0
BRDA:25,2,0,0
BRDA:25,2,1,31
BRDA:25,3,0,31
BRDA:25,3,1,0
BRDA:30,4,0,31
BRDA:30,4,1,0
BRDA:33,5,0,0
BRDA:33,5,1,31
BRDA:63,6,0,0
BRDA:63,6,1,0
BRDA:63,7,0,0
BRDA:63,7,1,0
BRDA:68,8,0,0
BRDA:68,8,1,0
BRDA:71,9,0,0
BRDA:71,9,1,0
BRDA:76,10,0,0
BRDA:124,11,0,15
BRDA:124,11,1,25
BRDA:128,12,0,0
BRDA:128,12,1,40
BRDA:159,13,0,15
BRDA:159,13,1,2
BRDA:160,14,0,17
BRDA:160,14,1,16
BRDA:160,14,2,15
BRDA:172,15,0,31
BRDA:172,15,1,153
BRDA:172,16,0,184
BRDA:172,16,1,34
BRDA:176,17,0,3
BRDA:176,17,1,181
BRDA:188,18,0,4
BRDA:188,18,1,27
BRDA:205,19,0,1
BRDA:205,19,1,1
BRDA:245,20,0,70
BRDA:245,20,1,0
BRF:40
BRH:23
end_of_record
TN:
SF:src/App.jsx
FN:4,(anonymous_0)
FNF:1
FNH:0
FNDA:0,(anonymous_0)
DA:4,0
DA:5,0
DA:6,0
DA:8,0
LF:4
LH:0
BRF:0
BRH:0
end_of_record
TN:
SF:src/components/EggControl.jsx
FN:5,(anonymous_0)
FN:31,(anonymous_1)
FN:44,(anonymous_2)
FN:59,(anonymous_3)
FNF:4
FNH:0
FNDA:0,(anonymous_0)
FNDA:0,(anonymous_1)
FNDA:0,(anonymous_2)
FNDA:0,(anonymous_3)
DA:5,0
DA:18,0
DA:32,0
DA:33,0
DA:34,0
DA:35,0
DA:45,0
DA:46,0
DA:47,0
DA:48,0
DA:60,0
DA:61,0
DA:62,0
DA:63,0
DA:65,0
LF:15
LH:0
BRDA:30,0,0,0
BRDA:30,0,1,0
BRDA:33,1,0,0
BRDA:33,1,1,0
BRDA:42,2,0,0
BRDA:42,2,1,0
BRDA:46,3,0,0
BRDA:46,3,1,0
BRDA:56,4,0,0
BRDA:56,4,1,0
BRDA:57,5,0,0
BRDA:57,5,1,0
BRDA:60,6,0,0
BRDA:60,6,1,0
BRDA:62,7,0,0
BRDA:62,7,1,0
BRDA:68,8,0,0
BRDA:68,8,1,0
BRDA:70,9,0,0
BRDA:70,9,1,0
BRDA:70,10,0,0
BRDA:70,10,1,0
BRDA:72,11,0,0
BRDA:72,11,1,0
BRF:24
BRH:0
end_of_record
TN:
SF:src/components/EggDisplay.jsx
FN:3,(anonymous_0)
FN:17,(anonymous_1)
FNF:2
FNH:0
FNDA:0,(anonymous_0)
FNDA:0,(anonymous_1)
DA:3,0
DA:12,0
DA:13,0
DA:15,0
DA:17,0
DA:18,0
DA:19,0
DA:21,0
DA:25,0
LF:9
LH:0
BRDA:13,0,0,0
BRDA:13,0,1,0
BRDA:15,1,0,0
BRDA:15,1,1,0
BRDA:15,1,2,0
BRDA:18,2,0,0
BRDA:18,2,1,0
BRDA:18,3,0,0
BRDA:18,3,1,0
BRDA:28,4,0,0
BRDA:28,4,1,0
BRDA:29,5,0,0
BRDA:29,5,1,0
BRDA:35,6,0,0
BRDA:35,6,1,0
BRDA:38,7,0,0
BRDA:38,7,1,0
BRDA:48,8,0,0
BRDA:48,8,1,0
BRDA:50,9,0,0
BRDA:50,9,1,0
BRF:21
BRH:0
end_of_record
TN:
SF:src/components/EggPressetButtons.jsx
FN:3,(anonymous_0)
FN:6,(anonymous_1)
FN:10,(anonymous_2)
FNF:3
FNH:3
FNDA:25,(anonymous_0)
FNDA:60,(anonymous_1)
FNDA:4,(anonymous_2)
DA:3,1
DA:4,25
DA:7,60
DA:10,4
LF:4
LH:4
BRF:0
BRH:0
end_of_record
TN:
SF:src/components/EggSpinButton.jsx
FN:3,(anonymous_0)
FN:4,(anonymous_1)
FN:12,(anonymous_2)
FN:17,(anonymous_3)
FNF:4
FNH:4
FNDA:25,(anonymous_0)
FNDA:6,(anonymous_1)
FNDA:3,(anonymous_2)
FNDA:4,(anonymous_3)
DA:3,1
DA:4,25
DA:5,6
DA:9,6
DA:12,25
DA:13,3
DA:14,3
DA:17,25
DA:18,4
DA:19,4
DA:22,25
LF:11
LH:11
BRDA:3,0,0,1
BRDA:7,1,0,6
BRDA:7,1,1,1
BRDA:7,2,0,6
BRDA:7,2,1,2
BRDA:13,3,0,3
BRDA:13,3,1,1
BRDA:13,4,0,1
BRDA:13,4,1,2
BRDA:18,5,0,1
BRDA:18,5,1,3
BRDA:25,6,0,3
BRDA:25,6,1,22
BRDA:36,7,0,25
BRDA:36,7,1,4
BRDA:44,8,0,25
BRDA:44,8,1,4
BRF:17
BRH:17
end_of_record
TN:
SF:src/components/EggTimer.jsx
FN:6,(anonymous_0)
FNF:1
FNH:1
FNDA:4,(anonymous_0)
DA:6,1
DA:24,4
DA:26,4
LF:3
LH:3
BRDA:35,0,0,0
BRDA:35,0,1,4
BRF:2
BRH:1
end_of_record
